Flutter crash report; please file at https://github.com/flutter/flutter/issues.

## command

flutter --no-color run --machine --track-widget-creation --device-id=b9eede44 lib\main.dart

## exception

YamlException: Error on line 49, column 4: Expected a key while parsing a block mapping.
   ╷
49 │    fonts:
   │    ^
   ╵

```
#0      Parser._parseBlockMappingKey (package:yaml/src/parser.dart:448:5)
#1      Parser._stateMachine (package:yaml/src/parser.dart:86:16)
#2      Parser.parse (package:yaml/src/parser.dart:47:19)
#3      Loader._loadMapping (package:yaml/src/loader.dart:171:23)
#4      Loader._loadNode (package:yaml/src/loader.dart:86:16)
#5      Loader._loadMapping (package:yaml/src/loader.dart:165:19)
#6      Loader._loadNode (package:yaml/src/loader.dart:86:16)
#7      Loader._loadDocument (package:yaml/src/loader.dart:62:20)
#8      Loader.load (package:yaml/src/loader.dart:54:20)
#9      loadYamlDocument (package:yaml/yaml.dart:51:25)
#10     loadYamlNode (package:yaml/yaml.dart:42:5)
#11     loadYaml (package:yaml/yaml.dart:34:5)
#12     FlutterManifest.createFromString (package:flutter_tools/src/flutter_manifest.dart:38:28)
#13     FlutterManifest.createFromPath (package:flutter_tools/src/flutter_manifest.dart:32:12)
#14     FlutterProject._readManifest (package:flutter_tools/src/project.dart:167:54)
#15     FlutterProject.fromDirectory (package:flutter_tools/src/project.dart:45:38)
#16     FlutterProject.current (package:flutter_tools/src/project.dart:56:38)
#17     RunCommand.usageValues (package:flutter_tools/src/commands/run.dart:234:58)
<asynchronous suspension>
#18     FlutterCommand._sendUsage (package:flutter_tools/src/runner/flutter_command.dart:441:58)
<asynchronous suspension>
#19     FlutterCommand.run.<anonymous closure> (package:flutter_tools/src/runner/flutter_command.dart:422:17)
<asynchronous suspension>
#20     AppContext.run.<anonymous closure> (package:flutter_tools/src/base/context.dart:153:29)
<asynchronous suspension>
#21     _rootRun (dart:async/zone.dart:1124:13)
#22     _CustomZone.run (dart:async/zone.dart:1021:19)
#23     _runZoned (dart:async/zone.dart:1516:10)
#24     runZoned (dart:async/zone.dart:1463:12)
#25     AppContext.run (package:flutter_tools/src/base/context.dart:152:18)
<asynchronous suspension>
#26     FlutterCommand.run (package:flutter_tools/src/runner/flutter_command.dart:405:20)
#27     CommandRunner.runCommand (package:args/command_runner.dart:197:27)
<asynchronous suspension>
#28     FlutterCommandRunner.runCommand.<anonymous closure> (package:flutter_tools/src/runner/flutter_command_runner.dart:396:21)
<asynchronous suspension>
#29     AppContext.run.<anonymous closure> (package:flutter_tools/src/base/context.dart:153:29)
<asynchronous suspension>
#30     _rootRun (dart:async/zone.dart:1124:13)
#31     _CustomZone.run (dart:async/zone.dart:1021:19)
#32     _runZoned (dart:async/zone.dart:1516:10)
#33     runZoned (dart:async/zone.dart:1463:12)
#34     AppContext.run (package:flutter_tools/src/base/context.dart:152:18)
<asynchronous suspension>
#35     FlutterCommandRunner.runCommand (package:flutter_tools/src/runner/flutter_command_runner.dart:356:19)
<asynchronous suspension>
#36     CommandRunner.run.<anonymous closure> (package:args/command_runner.dart:112:25)
#37     new Future.sync (dart:async/future.dart:224:31)
#38     CommandRunner.run (package:args/command_runner.dart:112:14)
#39     FlutterCommandRunner.run (package:flutter_tools/src/runner/flutter_command_runner.dart:242:18)
#40     run.<anonymous closure>.<anonymous closure> (package:flutter_tools/runner.dart:62:22)
<asynchronous suspension>
#41     _rootRun (dart:async/zone.dart:1124:13)
#42     _CustomZone.run (dart:async/zone.dart:1021:19)
#43     _runZoned (dart:async/zone.dart:1516:10)
#44     runZoned (dart:async/zone.dart:1500:12)
#45     run.<anonymous closure> (package:flutter_tools/runner.dart:60:18)
<asynchronous suspension>
#46     AppContext.run.<anonymous closure> (package:flutter_tools/src/base/context.dart:153:29)
<asynchronous suspension>
#47     _rootRun (dart:async/zone.dart:1124:13)
#48     _CustomZone.run (dart:async/zone.dart:1021:19)
#49     _runZoned (dart:async/zone.dart:1516:10)
#50     runZoned (dart:async/zone.dart:1463:12)
#51     AppContext.run (package:flutter_tools/src/base/context.dart:152:18)
<asynchronous suspension>
#52     runInContext (package:flutter_tools/src/context_runner.dart:56:24)
<asynchronous suspension>
#53     run (package:flutter_tools/runner.dart:51:10)
#54     main (package:flutter_tools/executable.dart:62:9)
<asynchronous suspension>
#55     main (file:///D:/Program%20Files/flutter/packages/flutter_tools/bin/flutter_tools.dart:8:3)
#56     _startIsolate.<anonymous closure> (dart:isolate-patch/isolate_patch.dart:299:32)
#57     _RawReceivePortImpl._handleMessage (dart:isolate-patch/isolate_patch.dart:172:12)
```

## flutter doctor

```
[✓] Flutter (Channel master, v1.7.5-pre.21, on Microsoft Windows [Version 10.0.17763.557], locale zh-CN)
    • Flutter version 1.7.5-pre.21 at D:\Program Files\flutter
    • Framework revision 217890685b (2 weeks ago), 2019-06-18 00:07:55 -0400
    • Engine revision 20d3861ac8
    • Dart version 2.4.0

[✓] Android toolchain - develop for Android devices (Android SDK version 28.0.3)
    • Android SDK at D:/eclipse-android-sdk/android-sdk-windows
    • Android NDK location not configured (optional; useful for native profiling support)
    • Platform android-28, build-tools 28.0.3
    • ANDROID_HOME = D:/eclipse-android-sdk/android-sdk-windows
    • Java binary at: D:\Program Files\Android\Android Studio\jre\bin\java
    • Java version OpenJDK Runtime Environment (build 1.8.0_152-release-1343-b01)
    • All Android licenses accepted.

[✗] Visual Studio - develop for Windows
    ✗ Visual Studio not installed; this is necessary for Windows development.
      Download at https://visualstudio.microsoft.com/downloads/.

[✓] Android Studio (version 3.4)
    • Android Studio at D:\Program Files\Android\Android Studio
    • Flutter plugin version 36.1.1
    • Dart plugin version 183.6270
    • Java version OpenJDK Runtime Environment (build 1.8.0_152-release-1343-b01)

[✓] Connected device (1 available)
    • vivo Y66 • b9eede44 • android-arm • Android 6.0.1 (API 23)

! Doctor found issues in 1 category.
```
